<?xml version="1.0" encoding="UTF-8"?>
<testng-results skipped="0" failed="0" ignored="0" total="1" passed="1">
  <reporter-output>
  </reporter-output>
  <suite name="Default Suite" duration-ms="31505" started-at="2020-04-13T17:13:40Z" finished-at="2020-04-13T17:14:11Z">
    <groups>
    </groups>
    <test name="harrow-council" duration-ms="31505" started-at="2020-04-13T17:13:40Z" finished-at="2020-04-13T17:14:11Z">
      <class name="uk.gov.harrow.testsuit.BenefitsTest">
        <test-method status="PASS" signature="openBrowser()[pri:0, instance:uk.gov.harrow.testsuit.BenefitsTest@5b464ce8]" name="openBrowser" is-config="true" duration-ms="19446" started-at="2020-04-13T17:13:40Z" finished-at="2020-04-13T17:13:59Z">
          <reporter-output>
          </reporter-output>
        </test-method> <!-- openBrowser -->
        <test-method status="PASS" signature="verifyUserIsAbleToNavigateToBenefitsPage()[pri:0, instance:uk.gov.harrow.testsuit.BenefitsTest@5b464ce8]" name="verifyUserIsAbleToNavigateToBenefitsPage" duration-ms="11210" started-at="2020-04-13T17:13:59Z" finished-at="2020-04-13T17:14:11Z">
          <reporter-output>
          </reporter-output>
        </test-method> <!-- verifyUserIsAbleToNavigateToBenefitsPage -->
        <test-method status="PASS" signature="tearDown()[pri:0, instance:uk.gov.harrow.testsuit.BenefitsTest@5b464ce8]" name="tearDown" is-config="true" duration-ms="793" started-at="2020-04-13T17:14:11Z" finished-at="2020-04-13T17:14:11Z">
          <reporter-output>
          </reporter-output>
        </test-method> <!-- tearDown -->
      </class> <!-- uk.gov.harrow.testsuit.BenefitsTest -->
    </test> <!-- harrow-council -->
  </suite> <!-- Default Suite -->
</testng-results>
